<?xml version="1.0" encoding="UTF-8"?>
<!-- Generated by org.testng.reporters.JUnitReportReporter -->
<testsuite hostname="DESKTOP-ATEH8RN" name="Profiles.ProfilesTest" tests="1" failures="0" timestamp="16 Sep 2018 14:56:55 GMT" time="52.568" errors="0">
  <testcase name="NaukriUpdate" time="52.568" classname="Profiles.ProfilesTest"/>
</testsuite> <!-- Profiles.ProfilesTest -->
